2021-02-03 13:39:51,176 [main] INFO utilities.TestBase - Configuring extent report and launching browsser.
2021-02-03 13:39:51,253 [main] INFO utilities.TestBase - ***** Test case execution of Class com.testPages.PetstoreTeststarted******
2021-02-03 13:39:51,264 [main] INFO utilities.TestBase - validateAddPetTest test started
2021-02-03 13:39:53,184 [main] INFO utilities.TestBase - Message: Url is --https://petstore.swagger.io/v2/pet
2021-02-03 13:39:53,236 [main] INFO utilities.TestBase - Message: Pet details received from server is : {
    "id": 9222968140497037138,
    "category": {
        "id": 0,
        "name": "string"
    },
    "name": "doggie",
    "photoUrls": [
        "string"
    ],
    "tags": [
        {
            "id": 0,
            "name": "string"
        }
    ],
    "status": "available"
}
2021-02-03 13:39:53,239 [main] INFO utilities.TestBase - Message: Status code is  :200
2021-02-03 13:39:53,239 [main] INFO utilities.TestBase - Message: Successfully added new pet in store
2021-02-03 13:39:53,245 [main] INFO utilities.TestBase - validateUpdatePetTest test started
2021-02-03 13:39:53,994 [main] INFO utilities.TestBase - Message: Pet details received from server is : {
    "code": 200,
    "type": "unknown",
    "message": "20"
}
2021-02-03 13:39:54,280 [main] INFO utilities.TestBase - Message: Status code is  :200
2021-02-03 13:39:54,281 [main] INFO utilities.TestBase - Message: Pet updated successfully
2021-02-03 13:39:54,284 [main] INFO utilities.TestBase - validateGetPetTest test started
2021-02-03 13:39:55,001 [main] INFO utilities.TestBase - Message: Pet details received from server is : {
    "id": 20,
    "category": {
        "id": 0,
        "name": "Neeraj"
    },
    "name": "CTS",
    "photoUrls": [
        "string"
    ],
    "tags": [
        {
            "id": 0,
            "name": "string"
        }
    ],
    "status": "velit commodo in"
}
2021-02-03 13:39:55,002 [main] INFO utilities.TestBase - Message: Status code is  :200
2021-02-03 13:39:55,002 [main] INFO utilities.TestBase - Message: Successfully received pet data from Pet store.
2021-02-03 13:39:55,004 [main] INFO utilities.TestBase - validateDeletePetTest test started
2021-02-03 13:39:55,716 [main] INFO utilities.TestBase - Message: Pet details received from server is : {
    "code": 200,
    "type": "unknown",
    "message": "20"
}
2021-02-03 13:39:55,724 [main] INFO utilities.TestBase - Message: Status code is  :200
2021-02-03 13:39:55,724 [main] INFO utilities.TestBase - Message: Pet deleted successfully..
2021-02-03 13:39:55,726 [main] INFO utilities.TestBase - ***************All test cases of Class com.testPages.PetstoreTest executed******
2021-02-03 13:39:56,976 [main] INFO utilities.TestBase - *********** All test classes run. Extent report generated and put in : /Users/nthakur/Eclips Java/PetStore-master//extentReports .Quitting browser**********
